<?xml version="1.0" encoding="UTF-8"?>
<!-- Generated by org.testng.reporters.JUnitReportReporter -->
<testsuite skipped="0" hostname="DESKTOP-FVI8QA4" name="tests.ContactUsTestCase" tests="1" failures="0" timestamp="11 Nov 2019 11:31:28 GMT" time="6.963" errors="0">
  <testcase name="UserCanContactUs" time="6.963" classname="tests.ContactUsTestCase"/>
</testsuite> <!-- tests.ContactUsTestCase -->
