<?xml version="1.0" encoding="UTF-8"?>
<!-- Generated by org.testng.reporters.JUnitReportReporter -->
<testsuite skipped="0" hostname="DESKTOP-FVI8QA4" name="tests.SendProductToriendTestCase" tests="4" failures="0" timestamp="27 Oct 2019 15:41:41 GMT" time="10.016" errors="0">
  <testcase name="B_UserCanSearchForProductSuccessfully" time="3.695" classname="tests.SendProductToriendTestCase"/>
  <testcase name="C_sendToFriend" time="2.093" classname="tests.SendProductToriendTestCase"/>
  <testcase name="D_UserLogOut" time="1.198" classname="tests.SendProductToriendTestCase"/>
  <testcase name="A_UserCanloginSuccessfully" time="3.030" classname="tests.SendProductToriendTestCase"/>
</testsuite> <!-- tests.SendProductToriendTestCase -->
