<?xml version="1.0" encoding="UTF-8"?>
<!-- Generated by org.testng.reporters.JUnitReportReporter -->
<testsuite skipped="0" hostname="DESKTOP-PRELGQE" name="tests.UserSearchForProductTestCase" tests="1" failures="0" timestamp="04 Nov 2019 21:34:09 GMT" time="2.614" errors="0">
  <testcase name="UserCanSearchForProductSuccessfully" time="2.614" classname="tests.UserSearchForProductTestCase"/>
</testsuite> <!-- tests.UserSearchForProductTestCase -->
