<?xml version="1.0" encoding="UTF-8"?>
<!-- Generated by org.testng.reporters.JUnitReportReporter -->
<testsuite skipped="0" hostname="DESKTOP-PRELGQE" name="tests.ContactUsTestCase" tests="1" failures="0" timestamp="29 Oct 2019 20:29:15 GMT" time="2.847" errors="0">
  <testcase name="UserCanContactUs" time="2.847" classname="tests.ContactUsTestCase"/>
</testsuite> <!-- tests.ContactUsTestCase -->
