<?xml version="1.0" encoding="UTF-8"?>
<!-- Generated by org.testng.reporters.JUnitReportReporter -->
<testsuite skipped="0" hostname="DESKTOP-FVI8QA4" name="tests.UserSearchForProductAutoTestCase" tests="1" failures="0" timestamp="06 Nov 2019 14:21:00 GMT" time="3.596" errors="0">
  <testcase name="UserCanSearchForProductAutoCompleteSuccessfully" time="3.596" classname="tests.UserSearchForProductAutoTestCase"/>
</testsuite> <!-- tests.UserSearchForProductAutoTestCase -->
