<?xml version="1.0" encoding="UTF-8"?>
<!-- Generated by org.testng.reporters.JUnitReportReporter -->
<testsuite skipped="0" hostname="DESKTOP-PRELGQE" name="tests.AddProductReviewTestCase" tests="4" failures="0" timestamp="27 Oct 2019 19:51:15 GMT" time="15.299" errors="0">
  <testcase name="D_UserLogOut" time="1.040" classname="tests.AddProductReviewTestCase"/>
  <testcase name="A_UserCanloginSuccessfully" time="3.137" classname="tests.AddProductReviewTestCase"/>
  <testcase name="C_AddProductReviewReview" time="3.171" classname="tests.AddProductReviewTestCase"/>
  <testcase name="B_UserCanSearchForProductSuccessfully" time="7.951" classname="tests.AddProductReviewTestCase"/>
</testsuite> <!-- tests.AddProductReviewTestCase -->
