<?xml version="1.0" encoding="UTF-8"?>
<!-- Generated by org.testng.reporters.JUnitReportReporter -->
<testsuite skipped="0" hostname="DESKTOP-PRELGQE" name="tests.UserRegisterTestCase" tests="1" failures="0" timestamp="26 Oct 2019 17:23:55 GMT" time="6.400" errors="0">
  <testcase name="UserCanReguisterSuccessfully" time="6.400" classname="tests.UserRegisterTestCase"/>
</testsuite> <!-- tests.UserRegisterTestCase -->
