<?xml version="1.0" encoding="UTF-8"?>
<!-- Generated by org.testng.reporters.JUnitReportReporter -->
<testsuite skipped="0" hostname="DESKTOP-PRELGQE" name="tests.UserRegisterWith_DTT_ExlFileTestCase" tests="2" failures="0" timestamp="02 Nov 2019 19:41:49 GMT" time="11.210" errors="0">
  <testcase name="UserCanReguisterSuccessfully" time="6.481" classname="tests.UserRegisterWith_DTT_ExlFileTestCase"/>
  <testcase name="UserCanReguisterSuccessfully" time="4.729" classname="tests.UserRegisterWith_DTT_ExlFileTestCase"/>
</testsuite> <!-- tests.UserRegisterWith_DTT_ExlFileTestCase -->
