<?xml version="1.0" encoding="UTF-8"?>
<!-- Generated by org.testng.reporters.JUnitReportReporter -->
<testsuite skipped="0" hostname="DESKTOP-FVI8QA4" name="tests.UserSearchForProductTestCase" tests="1" failures="0" timestamp="06 Nov 2019 14:21:00 GMT" time="1.994" errors="0">
  <testcase name="UserCanSearchForProductSuccessfully" time="1.994" classname="tests.UserSearchForProductTestCase"/>
</testsuite> <!-- tests.UserSearchForProductTestCase -->
