<?xml version="1.0" encoding="UTF-8"?>
<!-- Generated by org.testng.reporters.JUnitReportReporter -->
<testsuite skipped="0" hostname="DESKTOP-PRELGQE" name="tests.UserRegisterParralWithJavaFakerTestCase" tests="2" failures="0" timestamp="15 Nov 2019 20:17:18 GMT" time="25.419" errors="0">
  <testcase name="UserCanReguisterSuccessfully" time="13.210" classname="tests.UserRegisterParralWithJavaFakerTestCase"/>
  <testcase name="UserCanReguisterSuccessfully" time="12.209" classname="tests.UserRegisterParralWithJavaFakerTestCase"/>
</testsuite> <!-- tests.UserRegisterParralWithJavaFakerTestCase -->
