<?xml version="1.0" encoding="UTF-8"?>
<!-- Generated by org.testng.reporters.JUnitReportReporter -->
<testsuite skipped="1" hostname="DESKTOP-PRELGQE" name="tests.ContactUsTestCase" tests="1" failures="0" timestamp="15 Nov 2019 19:23:32 GMT" time="0.000" errors="0">
  <testcase name="UserCanContactUs" time="0.000" classname="tests.ContactUsTestCase">
    <skipped/>
  </testcase> <!-- UserCanContactUs -->
</testsuite> <!-- tests.ContactUsTestCase -->
