<?xml version="1.0" encoding="UTF-8"?>
<!-- Generated by org.testng.reporters.JUnitReportReporter -->
<<<<<<< HEAD
<testsuite skipped="0" hostname="DESKTOP-PRELGQE" name="tests.UserSearchForProductTestCase" tests="1" failures="0" timestamp="08 Nov 2019 14:17:42 GMT" time="6.214" errors="0">
  <testcase name="UserCanSearchForProductSuccessfully" time="6.214" classname="tests.UserSearchForProductTestCase"/>
=======
<testsuite skipped="0" hostname="DESKTOP-FVI8QA4" name="tests.UserSearchForProductTestCase" tests="1" failures="0" timestamp="11 Nov 2019 11:31:28 GMT" time="5.590" errors="0">
  <testcase name="UserCanSearchForProductSuccessfully" time="5.590" classname="tests.UserSearchForProductTestCase"/>
>>>>>>> 77bfdf79dee85fb887a9ef98a1575306eeab1508
</testsuite> <!-- tests.UserSearchForProductTestCase -->
