<?xml version="1.0" encoding="UTF-8"?>
<!-- Generated by org.testng.reporters.JUnitReportReporter -->
<testsuite skipped="0" hostname="DESKTOP-PRELGQE" name="tests.UserRegisterWith_DTT_DataProviderTestCase" tests="2" failures="0" timestamp="29 Oct 2019 20:22:20 GMT" time="10.833" errors="0">
  <testcase name="UserCanReguisterSuccessfully" time="3.827" classname="tests.UserRegisterWith_DTT_DataProviderTestCase"/>
  <testcase name="UserCanReguisterSuccessfully" time="7.006" classname="tests.UserRegisterWith_DTT_DataProviderTestCase"/>
</testsuite> <!-- tests.UserRegisterWith_DTT_DataProviderTestCase -->
