<?xml version="1.0" encoding="UTF-8"?>
<!-- Generated by org.testng.reporters.JUnitReportReporter -->
<testsuite skipped="0" hostname="DESKTOP-PRELGQE" name="tests.CreateNewAddressTestCase" tests="2" failures="0" timestamp="28 Oct 2019 20:21:04 GMT" time="7.654" errors="0">
  <testcase name="UserCanloginSuccessfully" time="2.723" classname="tests.CreateNewAddressTestCase"/>
  <testcase name="YourAccount" time="4.931" classname="tests.CreateNewAddressTestCase"/>
</testsuite> <!-- tests.CreateNewAddressTestCase -->
