<?xml version="1.0" encoding="UTF-8"?>
<!-- Generated by org.testng.reporters.JUnitReportReporter -->
<testsuite skipped="0" hostname="DESKTOP-PRELGQE" name="tests.UserCanChangePassword" tests="1" failures="0" timestamp="20 Oct 2019 12:29:08 GMT" time="4.328" errors="0">
  <testcase name="UserCanChangePasswordSuccessfully" time="4.328" classname="tests.UserCanChangePassword"/>
</testsuite> <!-- tests.UserCanChangePassword -->
