<?xml version="1.0" encoding="UTF-8"?>
<!-- Generated by org.testng.reporters.JUnitReportReporter -->
<<<<<<< HEAD
<testsuite skipped="0" hostname="DESKTOP-PRELGQE" name="tests.UserRegisterWithJavaFakerTestCase" tests="1" failures="0" timestamp="08 Nov 2019 14:17:42 GMT" time="9.694" errors="0">
  <testcase name="UserCanReguisterSuccessfully" time="9.694" classname="tests.UserRegisterWithJavaFakerTestCase"/>
=======
<testsuite skipped="0" hostname="DESKTOP-FVI8QA4" name="tests.UserRegisterWithJavaFakerTestCase" tests="1" failures="0" timestamp="11 Nov 2019 11:31:28 GMT" time="5.495" errors="0">
  <testcase name="UserCanReguisterSuccessfully" time="5.495" classname="tests.UserRegisterWithJavaFakerTestCase"/>
>>>>>>> 77bfdf79dee85fb887a9ef98a1575306eeab1508
</testsuite> <!-- tests.UserRegisterWithJavaFakerTestCase -->
