<?xml version="1.0" encoding="UTF-8"?>
<!-- Generated by org.testng.reporters.JUnitReportReporter -->
<testsuite skipped="0" hostname="DESKTOP-PRELGQE" name="tests.ContactUsTestCase" tests="1" failures="0" timestamp="04 Nov 2019 21:34:09 GMT" time="3.773" errors="0">
  <testcase name="UserCanContactUs" time="3.773" classname="tests.ContactUsTestCase"/>
</testsuite> <!-- tests.ContactUsTestCase -->
