<?xml version="1.0" encoding="UTF-8"?>
<!-- Generated by org.testng.reporters.JUnitReportReporter -->
<testsuite skipped="0" hostname="DESKTOP-FVI8QA4" name="tests.UserCanChangeCurrencyTestCase" tests="1" failures="0" timestamp="27 Oct 2019 15:28:39 GMT" time="4.083" errors="0">
  <testcase name="UserCanSearchForProductSuccessfully" time="4.083" classname="tests.UserCanChangeCurrencyTestCase"/>
</testsuite> <!-- tests.UserCanChangeCurrencyTestCase -->
