<?xml version="1.0" encoding="UTF-8"?>
<!-- Generated by org.testng.reporters.JUnitReportReporter -->
<testsuite skipped="2" hostname="DESKTOP-PRELGQE" name="tests.UserCanChangeCurrencyTestCase" tests="2" failures="0" timestamp="15 Nov 2019 19:23:32 GMT" time="0.000" errors="0">
  <testcase name="UserCanSearchForProductSuccessfully" time="0.000" classname="tests.UserCanChangeCurrencyTestCase">
    <skipped/>
  </testcase> <!-- UserCanSearchForProductSuccessfully -->
  <testcase name="UserChangeCurrency" time="0.000" classname="tests.UserCanChangeCurrencyTestCase">
    <skipped/>
  </testcase> <!-- UserChangeCurrency -->
</testsuite> <!-- tests.UserCanChangeCurrencyTestCase -->
