<?xml version="1.0" encoding="UTF-8"?>
<!-- Generated by org.testng.reporters.JUnitReportReporter -->
<testsuite skipped="0" hostname="DESKTOP-FVI8QA4" name="tests.AddProductReviewTestCase" tests="4" failures="0" timestamp="30 Oct 2019 10:04:36 GMT" time="10.750" errors="0">
  <testcase name="UserCanloginSuccessfully" time="4.440" classname="tests.AddProductReviewTestCase"/>
  <testcase name="UserCanSearchForProductSuccessfully" time="2.999" classname="tests.AddProductReviewTestCase"/>
  <testcase name="AddProductReviewReview" time="2.275" classname="tests.AddProductReviewTestCase"/>
  <testcase name="UserLogOut" time="1.036" classname="tests.AddProductReviewTestCase"/>
</testsuite> <!-- tests.AddProductReviewTestCase -->
