<?xml version="1.0" encoding="UTF-8"?>
<!-- Generated by org.testng.reporters.JUnitReportReporter -->
<testsuite skipped="0" hostname="DESKTOP-PRELGQE" name="tests.UserSearchForProductTestCase" tests="1" failures="0" timestamp="26 Oct 2019 17:23:55 GMT" time="4.130" errors="0">
  <testcase name="UserCanSearchForProductSuccessfully" time="4.130" classname="tests.UserSearchForProductTestCase"/>
</testsuite> <!-- tests.UserSearchForProductTestCase -->
