<?xml version="1.0" encoding="UTF-8"?>
<!-- Generated by org.testng.reporters.JUnitReportReporter -->
<testsuite skipped="0" hostname="DESKTOP-PRELGQE" name="tests.UserRegisterWithJavaFakerTestCase" tests="1" failures="0" timestamp="04 Nov 2019 21:34:09 GMT" time="6.925" errors="0">
  <testcase name="UserCanReguisterSuccessfully" time="6.925" classname="tests.UserRegisterWithJavaFakerTestCase"/>
</testsuite> <!-- tests.UserRegisterWithJavaFakerTestCase -->
