<?xml version="1.0" encoding="UTF-8"?>
<!-- Generated by org.testng.reporters.JUnitReportReporter -->
<testsuite skipped="0" hostname="DESKTOP-PRELGQE" name="tests.UserRegisterParralWithJavaFakerTestCase" tests="2" failures="0" timestamp="23 Nov 2019 23:00:27 GMT" time="28.285" errors="0">
  <testcase name="UserCanReguisterSuccessfully" time="13.260" classname="tests.UserRegisterParralWithJavaFakerTestCase"/>
  <testcase name="UserCanReguisterSuccessfully" time="15.025" classname="tests.UserRegisterParralWithJavaFakerTestCase"/>
</testsuite> <!-- tests.UserRegisterParralWithJavaFakerTestCase -->
