<?xml version="1.0" encoding="UTF-8"?>
<!-- Generated by org.testng.reporters.JUnitReportReporter -->
<testsuite skipped="0" hostname="DESKTOP-FVI8QA4" name="tests.AddProductToCartTestCase" tests="2" failures="0" timestamp="28 Oct 2019 14:31:05 GMT" time="8.687" errors="0">
  <testcase name="UserCanSearchForProductSuccessfully" time="7.504" classname="tests.AddProductToCartTestCase"/>
  <testcase name="AddProductToCart" time="1.183" classname="tests.AddProductToCartTestCase"/>
</testsuite> <!-- tests.AddProductToCartTestCase -->
