<?xml version="1.0" encoding="UTF-8"?>
<!-- Generated by org.testng.reporters.JUnitReportReporter -->
<testsuite skipped="0" hostname="DESKTOP-PRELGQE" name="tests.UserSearchForProductAutoTestCase" tests="1" failures="0" timestamp="26 Oct 2019 17:23:55 GMT" time="3.399" errors="0">
  <testcase name="UserCanSearchForProductAutoCompleteSuccessfully" time="3.399" classname="tests.UserSearchForProductAutoTestCase"/>
</testsuite> <!-- tests.UserSearchForProductAutoTestCase -->
