<?xml version="1.0" encoding="UTF-8"?>
<!-- Generated by org.testng.reporters.JUnitReportReporter -->
<testsuite skipped="0" hostname="DESKTOP-PRELGQE" name="tests.UserCanChangeCurrencyTestCase" tests="2" failures="0" timestamp="04 Nov 2019 21:34:09 GMT" time="3.332" errors="0">
  <testcase name="UserCanSearchForProductSuccessfully" time="1.854" classname="tests.UserCanChangeCurrencyTestCase"/>
  <testcase name="UserChangeCurrency" time="1.478" classname="tests.UserCanChangeCurrencyTestCase"/>
</testsuite> <!-- tests.UserCanChangeCurrencyTestCase -->
