<?xml version="1.0" encoding="UTF-8"?>
<!-- Generated by org.testng.reporters.JUnitReportReporter -->
<<<<<<< HEAD
<testsuite skipped="0" hostname="DESKTOP-PRELGQE" name="tests.UserCanChangeCurrencyTestCase" tests="2" failures="0" timestamp="08 Nov 2019 14:17:42 GMT" time="6.414" errors="0">
  <testcase name="UserCanSearchForProductSuccessfully" time="4.643" classname="tests.UserCanChangeCurrencyTestCase"/>
  <testcase name="UserChangeCurrency" time="1.771" classname="tests.UserCanChangeCurrencyTestCase"/>
=======
<testsuite skipped="0" hostname="DESKTOP-FVI8QA4" name="tests.UserCanChangeCurrencyTestCase" tests="2" failures="0" timestamp="11 Nov 2019 11:31:28 GMT" time="8.895" errors="0">
  <testcase name="UserCanSearchForProductSuccessfully" time="7.133" classname="tests.UserCanChangeCurrencyTestCase"/>
  <testcase name="UserChangeCurrency" time="1.762" classname="tests.UserCanChangeCurrencyTestCase"/>
>>>>>>> 77bfdf79dee85fb887a9ef98a1575306eeab1508
</testsuite> <!-- tests.UserCanChangeCurrencyTestCase -->
