<?xml version="1.0" encoding="UTF-8"?>
<!-- Generated by org.testng.reporters.JUnitReportReporter -->
<testsuite skipped="0" hostname="DESKTOP-PRELGQE" name="tests.UserSearchForProductTestCase" tests="1" failures="0" timestamp="08 Nov 2019 14:17:42 GMT" time="6.214" errors="0">
  <testcase name="UserCanSearchForProductSuccessfully" time="6.214" classname="tests.UserSearchForProductTestCase"/>
</testsuite> <!-- tests.UserSearchForProductTestCase -->
