<?xml version="1.0" encoding="UTF-8"?>
<!-- Generated by org.testng.reporters.JUnitReportReporter -->
<testsuite skipped="0" hostname="DESKTOP-FVI8QA4" name="tests.UserSearchForProductTestCase" tests="1" failures="0" timestamp="27 Oct 2019 15:44:34 GMT" time="6.099" errors="0">
  <testcase name="UserCanSearchForProductSuccessfully" time="6.099" classname="tests.UserSearchForProductTestCase"/>
</testsuite> <!-- tests.UserSearchForProductTestCase -->
