<?xml version="1.0" encoding="UTF-8"?>
<!-- Generated by org.testng.reporters.JUnitReportReporter -->
<testsuite skipped="0" hostname="DESKTOP-FVI8QA4" name="tests.UserCanChangeCurrencyTestCase" tests="2" failures="0" timestamp="06 Nov 2019 14:21:00 GMT" time="5.083" errors="0">
  <testcase name="UserCanSearchForProductSuccessfully" time="2.967" classname="tests.UserCanChangeCurrencyTestCase"/>
  <testcase name="UserChangeCurrency" time="2.116" classname="tests.UserCanChangeCurrencyTestCase"/>
</testsuite> <!-- tests.UserCanChangeCurrencyTestCase -->
