<?xml version="1.0" encoding="UTF-8"?>
<!-- Generated by org.testng.reporters.JUnitReportReporter -->
<testsuite skipped="0" hostname="DESKTOP-FVI8QA4" name="tests.UserLoginTestCase" tests="1" failures="0" timestamp="27 Oct 2019 15:44:34 GMT" time="7.239" errors="0">
  <testcase name="UserCanloginSuccessfully" time="7.239" classname="tests.UserLoginTestCase"/>
</testsuite> <!-- tests.UserLoginTestCase -->
