<?xml version="1.0" encoding="UTF-8"?>
<!-- Generated by org.testng.reporters.JUnitReportReporter -->
<testsuite skipped="0" hostname="DESKTOP-PRELGQE" name="tests.UserRegisterTestCase" tests="1" failures="0" timestamp="27 Oct 2019 19:51:15 GMT" time="4.058" errors="0">
  <testcase name="UserCanReguisterSuccessfully" time="4.058" classname="tests.UserRegisterTestCase"/>
</testsuite> <!-- tests.UserRegisterTestCase -->
