<?xml version="1.0" encoding="UTF-8"?>
<!-- Generated by org.testng.reporters.JUnitReportReporter -->
<testsuite skipped="0" hostname="DESKTOP-FVI8QA4" name="tests.CreateNewAddressTestCase" tests="2" failures="0" timestamp="28 Oct 2019 16:04:59 GMT" time="9.400" errors="0">
  <testcase name="UserCanloginSuccessfully" time="4.999" classname="tests.CreateNewAddressTestCase"/>
  <testcase name="YourAccount" time="4.401" classname="tests.CreateNewAddressTestCase"/>
</testsuite> <!-- tests.CreateNewAddressTestCase -->
