<?xml version="1.0" encoding="UTF-8"?>
<!-- Generated by org.testng.reporters.JUnitReportReporter -->
<testsuite skipped="0" hostname="DESKTOP-PRELGQE" name="tests.SendProductToriendTestCase" tests="4" failures="0" timestamp="27 Oct 2019 19:51:15 GMT" time="6.738" errors="0">
  <testcase name="C_sendToFriend" time="1.943" classname="tests.SendProductToriendTestCase"/>
  <testcase name="A_UserCanloginSuccessfully" time="1.835" classname="tests.SendProductToriendTestCase"/>
  <testcase name="B_UserCanSearchForProductSuccessfully" time="2.002" classname="tests.SendProductToriendTestCase"/>
  <testcase name="D_UserLogOut" time="0.958" classname="tests.SendProductToriendTestCase"/>
</testsuite> <!-- tests.SendProductToriendTestCase -->
