<?xml version="1.0" encoding="UTF-8"?>
<!-- Generated by org.testng.reporters.JUnitReportReporter -->
<testsuite skipped="0" hostname="DESKTOP-FVI8QA4" name="tests.UserCanChangeCurrencyTestCase" tests="2" failures="0" timestamp="11 Nov 2019 11:31:28 GMT" time="8.895" errors="0">
  <testcase name="UserCanSearchForProductSuccessfully" time="7.133" classname="tests.UserCanChangeCurrencyTestCase"/>
  <testcase name="UserChangeCurrency" time="1.762" classname="tests.UserCanChangeCurrencyTestCase"/>
</testsuite> <!-- tests.UserCanChangeCurrencyTestCase -->
