<?xml version="1.0" encoding="UTF-8"?>
<!-- Generated by org.testng.reporters.JUnitReportReporter -->
<testsuite skipped="0" hostname="DESKTOP-PRELGQE" name="tests.UserLoginTestCase" tests="1" failures="0" timestamp="27 Oct 2019 19:51:15 GMT" time="2.988" errors="0">
  <testcase name="UserCanloginSuccessfully" time="2.988" classname="tests.UserLoginTestCase"/>
</testsuite> <!-- tests.UserLoginTestCase -->
