<?xml version="1.0" encoding="UTF-8"?>
<!-- Generated by org.testng.reporters.JUnitReportReporter -->
<testsuite skipped="0" hostname="DESKTOP-PRELGQE" name="tests.UserCanChangeCurrencyTestCase" tests="2" failures="0" timestamp="08 Nov 2019 14:17:42 GMT" time="6.414" errors="0">
  <testcase name="UserCanSearchForProductSuccessfully" time="4.643" classname="tests.UserCanChangeCurrencyTestCase"/>
  <testcase name="UserChangeCurrency" time="1.771" classname="tests.UserCanChangeCurrencyTestCase"/>
</testsuite> <!-- tests.UserCanChangeCurrencyTestCase -->
