<?xml version="1.0" encoding="UTF-8"?>
<!-- Generated by org.testng.reporters.JUnitReportReporter -->
<testsuite skipped="0" hostname="DESKTOP-PRELGQE" name="tests.UserCanChangeCurrencyTestCase" tests="2" failures="0" timestamp="26 Oct 2019 22:20:30 GMT" time="8.702" errors="0">
  <testcase name="UserCanSearchForProductSuccessfully" time="7.135" classname="tests.UserCanChangeCurrencyTestCase"/>
  <testcase name="UserChangeCurrency" time="1.567" classname="tests.UserCanChangeCurrencyTestCase"/>
</testsuite> <!-- tests.UserCanChangeCurrencyTestCase -->
