<?xml version="1.0" encoding="UTF-8"?>
<!-- Generated by org.testng.reporters.JUnitReportReporter -->
<testsuite skipped="0" hostname="DESKTOP-FVI8QA4" name="tests.ContactUsTestCase" tests="1" failures="0" timestamp="06 Nov 2019 14:21:00 GMT" time="4.286" errors="0">
  <testcase name="UserCanContactUs" time="4.286" classname="tests.ContactUsTestCase"/>
</testsuite> <!-- tests.ContactUsTestCase -->
