<?xml version="1.0" encoding="UTF-8"?>
<!-- Generated by org.testng.reporters.JUnitReportReporter -->
<testsuite skipped="0" hostname="DESKTOP-PRELGQE" name="tests.UserSearchForProductAutoTestCase" tests="1" failures="0" timestamp="08 Nov 2019 14:17:42 GMT" time="8.005" errors="0">
  <testcase name="UserCanSearchForProductAutoCompleteSuccessfully" time="8.005" classname="tests.UserSearchForProductAutoTestCase"/>
</testsuite> <!-- tests.UserSearchForProductAutoTestCase -->
