<?xml version="1.0" encoding="UTF-8"?>
<!-- Generated by org.testng.reporters.JUnitReportReporter -->
<testsuite skipped="0" hostname="DESKTOP-PRELGQE" name="tests.SendProductToriendTestCase" tests="4" failures="0" timestamp="26 Oct 2019 21:19:20 GMT" time="15.427" errors="0">
  <testcase name="UserCanloginSuccessfully" time="6.573" classname="tests.SendProductToriendTestCase"/>
  <testcase name="UserCanSearchForProductSuccessfully" time="5.478" classname="tests.SendProductToriendTestCase"/>
  <testcase name="sendToFriend" time="2.326" classname="tests.SendProductToriendTestCase"/>
  <testcase name="UserLogOut" time="1.050" classname="tests.SendProductToriendTestCase"/>
</testsuite> <!-- tests.SendProductToriendTestCase -->
