<?xml version="1.0" encoding="UTF-8"?>
<!-- Generated by org.testng.reporters.JUnitReportReporter -->
<testsuite skipped="0" hostname="DESKTOP-PRELGQE" name="tests.ContactUsTestCase" tests="1" failures="0" timestamp="08 Nov 2019 14:17:42 GMT" time="6.290" errors="0">
  <testcase name="UserCanContactUs" time="6.290" classname="tests.ContactUsTestCase"/>
</testsuite> <!-- tests.ContactUsTestCase -->
